2014-02-09 00:25:20 Error: [MissingActionException] Action UsersController::login() could not be found.
Exception Attributes: array (
  'controller' => 'UsersController',
  'action' => 'login',
)
Request URL: /relate/users/login
Stack Trace:
#0 /Users/zahid/dev/sites/cakephp/lib/Cake/Routing/Dispatcher.php(185): Controller->invokeAction(Object(CakeRequest))
#1 /Users/zahid/dev/sites/cakephp/lib/Cake/Routing/Dispatcher.php(160): Dispatcher->_invoke(Object(UsersController), Object(CakeRequest), Object(CakeResponse))
#2 /Users/zahid/dev/sites/relate/webroot/index.php(111): Dispatcher->dispatch(Object(CakeRequest), Object(CakeResponse))
#3 {main}
2014-02-09 00:25:51 Error: [MissingViewException] View file "/Users/zahid/dev/sites/relate/View/Users/login.ctp" is missing.
Exception Attributes: array (
  'file' => '/Users/zahid/dev/sites/relate/View/Users/login.ctp',
)
Request URL: /relate/users/login
Stack Trace:
#0 /Users/zahid/dev/sites/cakephp/lib/Cake/View/View.php(457): View->_getViewFileName(NULL)
#1 /Users/zahid/dev/sites/cakephp/lib/Cake/Controller/Controller.php(952): View->render(NULL, NULL)
#2 /Users/zahid/dev/sites/cakephp/lib/Cake/Routing/Dispatcher.php(192): Controller->render()
#3 /Users/zahid/dev/sites/cakephp/lib/Cake/Routing/Dispatcher.php(160): Dispatcher->_invoke(Object(UsersController), Object(CakeRequest), Object(CakeResponse))
#4 /Users/zahid/dev/sites/relate/webroot/index.php(111): Dispatcher->dispatch(Object(CakeRequest), Object(CakeResponse))
#5 {main}
2014-02-09 00:25:53 Error: [MissingViewException] View file "/Users/zahid/dev/sites/relate/View/Users/login.ctp" is missing.
Exception Attributes: array (
  'file' => '/Users/zahid/dev/sites/relate/View/Users/login.ctp',
)
Request URL: /relate/users/login
Stack Trace:
#0 /Users/zahid/dev/sites/cakephp/lib/Cake/View/View.php(457): View->_getViewFileName(NULL)
#1 /Users/zahid/dev/sites/cakephp/lib/Cake/Controller/Controller.php(952): View->render(NULL, NULL)
#2 /Users/zahid/dev/sites/cakephp/lib/Cake/Routing/Dispatcher.php(192): Controller->render()
#3 /Users/zahid/dev/sites/cakephp/lib/Cake/Routing/Dispatcher.php(160): Dispatcher->_invoke(Object(UsersController), Object(CakeRequest), Object(CakeResponse))
#4 /Users/zahid/dev/sites/relate/webroot/index.php(111): Dispatcher->dispatch(Object(CakeRequest), Object(CakeResponse))
#5 {main}
2014-02-09 00:28:18 Error: [MissingControllerException] Controller class UserslController could not be found.
Exception Attributes: array (
  'class' => 'UserslController',
  'plugin' => NULL,
)
Request URL: /relate/usersl/login
Stack Trace:
#0 /Users/zahid/dev/sites/relate/webroot/index.php(111): Dispatcher->dispatch(Object(CakeRequest), Object(CakeResponse))
#1 {main}
2014-02-09 00:34:12 Error: [NotFoundException] Invalid user
Request URL: /relate/users/delete/1
Stack Trace:
#0 [internal function]: UsersController->delete('1')
#1 /Users/zahid/dev/sites/cakephp/lib/Cake/Controller/Controller.php(490): ReflectionMethod->invokeArgs(Object(UsersController), Array)
#2 /Users/zahid/dev/sites/cakephp/lib/Cake/Routing/Dispatcher.php(185): Controller->invokeAction(Object(CakeRequest))
#3 /Users/zahid/dev/sites/cakephp/lib/Cake/Routing/Dispatcher.php(160): Dispatcher->_invoke(Object(UsersController), Object(CakeRequest), Object(CakeResponse))
#4 /Users/zahid/dev/sites/relate/webroot/index.php(111): Dispatcher->dispatch(Object(CakeRequest), Object(CakeResponse))
#5 {main}
2014-02-09 00:34:15 Error: [NotFoundException] Invalid user
Request URL: /relate/users/delete/1
Stack Trace:
#0 [internal function]: UsersController->delete('1')
#1 /Users/zahid/dev/sites/cakephp/lib/Cake/Controller/Controller.php(490): ReflectionMethod->invokeArgs(Object(UsersController), Array)
#2 /Users/zahid/dev/sites/cakephp/lib/Cake/Routing/Dispatcher.php(185): Controller->invokeAction(Object(CakeRequest))
#3 /Users/zahid/dev/sites/cakephp/lib/Cake/Routing/Dispatcher.php(160): Dispatcher->_invoke(Object(UsersController), Object(CakeRequest), Object(CakeResponse))
#4 /Users/zahid/dev/sites/relate/webroot/index.php(111): Dispatcher->dispatch(Object(CakeRequest), Object(CakeResponse))
#5 {main}
2014-02-09 00:34:17 Error: [NotFoundException] Invalid user
Request URL: /relate/users/delete/1
Stack Trace:
#0 [internal function]: UsersController->delete('1')
#1 /Users/zahid/dev/sites/cakephp/lib/Cake/Controller/Controller.php(490): ReflectionMethod->invokeArgs(Object(UsersController), Array)
#2 /Users/zahid/dev/sites/cakephp/lib/Cake/Routing/Dispatcher.php(185): Controller->invokeAction(Object(CakeRequest))
#3 /Users/zahid/dev/sites/cakephp/lib/Cake/Routing/Dispatcher.php(160): Dispatcher->_invoke(Object(UsersController), Object(CakeRequest), Object(CakeResponse))
#4 /Users/zahid/dev/sites/relate/webroot/index.php(111): Dispatcher->dispatch(Object(CakeRequest), Object(CakeResponse))
#5 {main}
2014-02-09 00:34:20 Error: [MethodNotAllowedException] Method Not Allowed
Request URL: /relate/users/delete/2
Stack Trace:
#0 /Users/zahid/dev/sites/relate/Controller/UsersController.php(100): CakeRequest->onlyAllow('post', 'delete')
#1 [internal function]: UsersController->delete('2')
#2 /Users/zahid/dev/sites/cakephp/lib/Cake/Controller/Controller.php(490): ReflectionMethod->invokeArgs(Object(UsersController), Array)
#3 /Users/zahid/dev/sites/cakephp/lib/Cake/Routing/Dispatcher.php(185): Controller->invokeAction(Object(CakeRequest))
#4 /Users/zahid/dev/sites/cakephp/lib/Cake/Routing/Dispatcher.php(160): Dispatcher->_invoke(Object(UsersController), Object(CakeRequest), Object(CakeResponse))
#5 /Users/zahid/dev/sites/relate/webroot/index.php(111): Dispatcher->dispatch(Object(CakeRequest), Object(CakeResponse))
#6 {main}
2014-02-09 00:34:24 Error: [MissingControllerException] Controller class UserController could not be found.
Exception Attributes: array (
  'class' => 'UserController',
  'plugin' => NULL,
)
Request URL: /relate/user
Stack Trace:
#0 /Users/zahid/dev/sites/relate/webroot/index.php(111): Dispatcher->dispatch(Object(CakeRequest), Object(CakeResponse))
#1 {main}
